<?xml version="1.0" encoding="UTF-8"?>
<testng-results ignored="0" total="0" passed="0" failed="0" skipped="0">
  <reporter-output>
  </reporter-output>
  <suite started-at="2021-07-21T20:09:20 IST" name="Default suite" finished-at="2021-07-21T20:10:49 IST" duration-ms="88807">
    <groups>
    </groups>
    <test started-at="2021-07-21T20:09:20 IST" name="Default test" finished-at="2021-07-21T20:10:49 IST" duration-ms="88807">
      <class name="project1.testing">
        <test-method is-config="true" signature="beforeTest()[pri:0, instance:project1.testing@37654521]" started-at="2021-07-21T20:09:20 IST" name="beforeTest" finished-at="2021-07-21T20:10:49 IST" duration-ms="88745" status="PASS">
          <reporter-output>
          </reporter-output>
        </test-method> <!-- beforeTest -->
      </class> <!-- project1.testing -->
    </test> <!-- Default test -->
  </suite> <!-- Default suite -->
</testng-results>
